listening...
events.js:160
      throw er; // Unhandled 'error' event
      ^

Error: listen EACCES 0.0.0.0:80
    at Object.exports._errnoException (util.js:1020:11)
    at exports._exceptionWithHostPort (util.js:1043:20)
    at Server._listen2 (net.js:1258:19)
    at listen (net.js:1307:10)
    at Server.listen (net.js:1403:5)
    at Object.<anonymous> (/home2/andreger/public_html/comp351/labs/4/getDate/app.js:11:4)
    at Module._compile (module.js:577:32)
    at Object.Module._extensions..js (module.js:586:10)
    at Module.load (module.js:494:32)
    at tryModuleLoad (module.js:453:12)
listening...
events.js:160
      throw er; // Unhandled 'error' event
      ^

Error: listen EADDRINUSE :::8080
    at Object.exports._errnoException (util.js:1020:11)
    at exports._exceptionWithHostPort (util.js:1043:20)
    at Server._listen2 (net.js:1271:14)
    at listen (net.js:1307:10)
    at Server.listen (net.js:1403:5)
    at Object.<anonymous> (/home2/andreger/public_html/comp351/labs/4/getDate/app.js:11:4)
    at Module._compile (module.js:577:32)
    at Object.Module._extensions..js (module.js:586:10)
    at Module.load (module.js:494:32)
    at tryModuleLoad (module.js:453:12)
listening...
events.js:160
      throw er; // Unhandled 'error' event
      ^

Error: listen EADDRINUSE :::8080
    at Object.exports._errnoException (util.js:1020:11)
    at exports._exceptionWithHostPort (util.js:1043:20)
    at Server._listen2 (net.js:1271:14)
    at listen (net.js:1307:10)
    at Server.listen (net.js:1403:5)
    at Object.<anonymous> (/home2/andreger/public_html/comp351/labs/4/getDate/app.js:11:4)
    at Module._compile (module.js:577:32)
    at Object.Module._extensions..js (module.js:586:10)
    at Module.load (module.js:494:32)
    at tryModuleLoad (module.js:453:12)
listening...
events.js:160
      throw er; // Unhandled 'error' event
      ^

Error: listen EADDRINUSE :::8080
    at Object.exports._errnoException (util.js:1020:11)
    at exports._exceptionWithHostPort (util.js:1043:20)
    at Server._listen2 (net.js:1271:14)
    at listen (net.js:1307:10)
    at Server.listen (net.js:1403:5)
    at Object.<anonymous> (/home2/andreger/public_html/comp351/labs/4/getDate/app.js:11:4)
    at Module._compile (module.js:577:32)
    at Object.Module._extensions..js (module.js:586:10)
    at Module.load (module.js:494:32)
    at tryModuleLoad (module.js:453:12)
